"D:/anime pics/BuildingEscapeFinal/Content/Map/FinalMap_BuiltData.uasset" 0
"D:/anime pics/BuildingEscapeFinal/Content/FinalMap_BuiltData.uasset" 1
"D:/anime pics/BuildingEscapeFinal/Content/BluePrints/DefaultPawn_BP.uasset" 2
"D:/anime pics/BuildingEscapeFinal/Content/BluePrints/BuildingEscapeGameModeBP.uasset" 3
"D:/anime pics/BuildingEscapeFinal/Content/SpaceshipInterior/Textures/T_Scifi_Decal_01_BC.uasset" 4
"D:/anime pics/BuildingEscapeFinal/Content/SpaceshipInterior/Materials/M_Scifi_Decal_01.uasset" 5
"D:/anime pics/BuildingEscapeFinal/Content/SpaceshipInterior/Textures/T_Scifi_Floor_03_S.uasset" 6
"D:/anime pics/BuildingEscapeFinal/Content/SpaceshipInterior/Textures/scifi_floor_03_S.uasset" 7
"D:/anime pics/BuildingEscapeFinal/Content/SpaceshipInterior/Textures/T_Scifi_Floor_03_R.uasset" 8
"D:/anime pics/BuildingEscapeFinal/Content/SpaceshipInterior/Textures/scifi_floor_03_R.uasset" 9
"D:/anime pics/BuildingEscapeFinal/Content/SpaceshipInterior/Textures/T_Scifi_Floor_03_N.uasset" 10
"D:/anime pics/BuildingEscapeFinal/Content/SpaceshipInterior/Textures/scifi_floor_03_N.uasset" 11
"D:/anime pics/BuildingEscapeFinal/Content/SpaceshipInterior/Textures/T_Scifi_Floor_03_AO.uasset" 12
"D:/anime pics/BuildingEscapeFinal/Content/SpaceshipInterior/Textures/scifi_floor_03_AO.uasset" 13
"D:/anime pics/BuildingEscapeFinal/Content/SpaceshipInterior/Textures/T_Scifi_Floor_03_M.uasset" 14
"D:/anime pics/BuildingEscapeFinal/Content/SpaceshipInterior/Textures/scifi_floor_03_alpha.uasset" 15
"D:/anime pics/BuildingEscapeFinal/Content/SpaceshipInterior/Textures/T_Scifi_Floor_03_BC.uasset" 16
"D:/anime pics/BuildingEscapeFinal/Content/SpaceshipInterior/Textures/scifi_floor_03_A.uasset" 17
"D:/anime pics/BuildingEscapeFinal/Content/SpaceshipInterior/Materials/M_Scifi_Floor_03.uasset" 18
"D:/anime pics/BuildingEscapeFinal/Content/SpaceshipInterior/Textures/T_Scifi_Floor_Grid_BC.uasset" 19
"D:/anime pics/BuildingEscapeFinal/Content/SpaceshipInterior/Textures/scifi_floor_grid_A.uasset" 20
"D:/anime pics/BuildingEscapeFinal/Content/SpaceshipInterior/Textures/T_Scifi_Floor_Grid_M.uasset" 21
"D:/anime pics/BuildingEscapeFinal/Content/SpaceshipInterior/Textures/scifi_floor_grid_alpha.uasset" 22
"D:/anime pics/BuildingEscapeFinal/Content/SpaceshipInterior/Textures/T_Scifi_Floor_Grid_AO.uasset" 23
"D:/anime pics/BuildingEscapeFinal/Content/SpaceshipInterior/Textures/scifi_floor_grid_AO.uasset" 24
"D:/anime pics/BuildingEscapeFinal/Content/SpaceshipInterior/Textures/T_Scifi_Floor_Grid_R.uasset" 25
"D:/anime pics/BuildingEscapeFinal/Content/SpaceshipInterior/Textures/scifi_floor_grid_R.uasset" 26
"D:/anime pics/BuildingEscapeFinal/Content/SpaceshipInterior/Textures/T_Scifi_Floor_Grid_S.uasset" 27
"D:/anime pics/BuildingEscapeFinal/Content/SpaceshipInterior/Textures/scifi_floor_grid_S.uasset" 28
"D:/anime pics/BuildingEscapeFinal/Content/SpaceshipInterior/Textures/T_Scifi_Floor_Grid_N.uasset" 29
"D:/anime pics/BuildingEscapeFinal/Content/SpaceshipInterior/Textures/scifi_floor_grid_N.uasset" 30
"D:/anime pics/BuildingEscapeFinal/Content/SpaceshipInterior/Materials/MI_Scifi_Floor_Grid.uasset" 31
"D:/anime pics/BuildingEscapeFinal/Content/SpaceshipInterior/Materials/scifi_floor_grid_Inst.uasset" 32
"D:/anime pics/BuildingEscapeFinal/Content/SpaceshipInterior/Materials/M_Scifi_Glass.uasset" 33
"D:/anime pics/BuildingEscapeFinal/Content/SpaceshipInterior/Materials/scifi_Glass_Mat.uasset" 34
"D:/anime pics/BuildingEscapeFinal/Content/SpaceshipInterior/Textures/T_Scifi_Pillar_01_N.uasset" 35
"D:/anime pics/BuildingEscapeFinal/Content/SpaceshipInterior/Textures/scifi_pillar_01_N.uasset" 36
"D:/anime pics/BuildingEscapeFinal/Content/SpaceshipInterior/Materials/M_Scifi_Pillar_01_Color.uasset" 37
"D:/anime pics/BuildingEscapeFinal/Content/SpaceshipInterior/Materials/scifi_pillar_01_color_Mat.uasset" 38
"D:/anime pics/BuildingEscapeFinal/Content/SpaceshipInterior/Textures/T_Scifi_Pipe_01_A.uasset" 39
"D:/anime pics/BuildingEscapeFinal/Content/SpaceshipInterior/Textures/scifi_pipe_01_A.uasset" 40
"D:/anime pics/BuildingEscapeFinal/Content/SpaceshipInterior/Textures/T_Scifi_Pipe_01_N.uasset" 41
"D:/anime pics/BuildingEscapeFinal/Content/SpaceshipInterior/Textures/scifi_pipe_01_N.uasset" 42
"D:/anime pics/BuildingEscapeFinal/Content/SpaceshipInterior/Textures/T_Scifi_Pipe_01_R.uasset" 43
"D:/anime pics/BuildingEscapeFinal/Content/SpaceshipInterior/Textures/scifi_pipe_01_R.uasset" 44
"D:/anime pics/BuildingEscapeFinal/Content/SpaceshipInterior/Textures/T_Scifi_Pipe_01_S.uasset" 45
"D:/anime pics/BuildingEscapeFinal/Content/SpaceshipInterior/Textures/scifi_pipe_01_S.uasset" 46
"D:/anime pics/BuildingEscapeFinal/Content/SpaceshipInterior/Textures/T_Scifi_Pipe_01_AO.uasset" 47
"D:/anime pics/BuildingEscapeFinal/Content/SpaceshipInterior/Textures/scifi_pipe_01_AO.uasset" 48
"D:/anime pics/BuildingEscapeFinal/Content/SpaceshipInterior/Textures/T_Scifi_Door_01_BC.uasset" 49
"D:/anime pics/BuildingEscapeFinal/Content/SpaceshipInterior/Textures/scifi_door_01_A.uasset" 50
"D:/anime pics/BuildingEscapeFinal/Content/SpaceshipInterior/Textures/T_Scifi_Door_01_AO.uasset" 51
"D:/anime pics/BuildingEscapeFinal/Content/SpaceshipInterior/Textures/scifi_door_01_AO.uasset" 52
"D:/anime pics/BuildingEscapeFinal/Content/SpaceshipInterior/Textures/T_Scifi_Door_01_N.uasset" 53
"D:/anime pics/BuildingEscapeFinal/Content/SpaceshipInterior/Textures/scifi_door_01_N.uasset" 54
"D:/anime pics/BuildingEscapeFinal/Content/SpaceshipInterior/Textures/T_Scifi_Door_01_R.uasset" 55
"D:/anime pics/BuildingEscapeFinal/Content/SpaceshipInterior/Textures/scifi_door_01_R.uasset" 56
"D:/anime pics/BuildingEscapeFinal/Content/SpaceshipInterior/Textures/T_Scifi_Door_01_S.uasset" 57
"D:/anime pics/BuildingEscapeFinal/Content/SpaceshipInterior/Textures/scifi_door_01_S.uasset" 58
"D:/anime pics/BuildingEscapeFinal/Content/SpaceshipInterior/Materials/M_Scifi_Door_01.uasset" 59
"D:/anime pics/BuildingEscapeFinal/Content/SpaceshipInterior/Materials/MI_Scifi_Pipe_01.uasset" 60
"D:/anime pics/BuildingEscapeFinal/Content/SpaceshipInterior/Materials/scifi_pipe_01_Inst.uasset" 61
"D:/anime pics/BuildingEscapeFinal/Content/SpaceshipInterior/Textures/T_Scifi_Signs_Decal_BC.uasset" 62
"D:/anime pics/BuildingEscapeFinal/Content/SpaceshipInterior/Materials/M_Scifi_Signs_Decal_01.uasset" 63
"D:/anime pics/BuildingEscapeFinal/Content/SpaceshipInterior/Materials/scifi_signs_decal_01_Mat.uasset" 64
"D:/anime pics/BuildingEscapeFinal/Content/SpaceshipInterior/Materials/M_Scifi_Signs_Decal_02.uasset" 65
"D:/anime pics/BuildingEscapeFinal/Content/SpaceshipInterior/Materials/scifi_signs_decal_02_Mat.uasset" 66
"D:/anime pics/BuildingEscapeFinal/Content/SpaceshipInterior/Materials/M_Scifi_Signs_Decal_03.uasset" 67
"D:/anime pics/BuildingEscapeFinal/Content/SpaceshipInterior/Materials/scifi_signs_decal_03_Mat.uasset" 68
"D:/anime pics/BuildingEscapeFinal/Content/SpaceshipInterior/Materials/M_Scifi_Signs_Decal_04.uasset" 69
"D:/anime pics/BuildingEscapeFinal/Content/SpaceshipInterior/Materials/scifi_signs_decal_04_Mat.uasset" 70
"D:/anime pics/BuildingEscapeFinal/Content/SpaceshipInterior/Materials/M_Scifi_Stripe_Decal_01.uasset" 71
"D:/anime pics/BuildingEscapeFinal/Content/SpaceshipInterior/Materials/scifi_stripe_decal_01_Mat.uasset" 72
"D:/anime pics/BuildingEscapeFinal/Content/SpaceshipInterior/Materials/M_Scifi_Stripe_Decal_02.uasset" 73
"D:/anime pics/BuildingEscapeFinal/Content/SpaceshipInterior/Materials/scifi_stripe_decal_02_Mat.uasset" 74
"D:/anime pics/BuildingEscapeFinal/Content/SpaceshipInterior/Textures/T_Scifi_Wall_02_AO.uasset" 75
"D:/anime pics/BuildingEscapeFinal/Content/SpaceshipInterior/Textures/scifi_wall_02_AO.uasset" 76
"D:/anime pics/BuildingEscapeFinal/Content/SpaceshipInterior/Textures/T_Scifi_Wall_02_N.uasset" 77
"D:/anime pics/BuildingEscapeFinal/Content/SpaceshipInterior/Textures/scifi_wall_02_N.uasset" 78
"D:/anime pics/BuildingEscapeFinal/Content/SpaceshipInterior/Textures/T_Scifi_Wall_02_R.uasset" 79
"D:/anime pics/BuildingEscapeFinal/Content/SpaceshipInterior/Textures/scifi_wall_02_R.uasset" 80
"D:/anime pics/BuildingEscapeFinal/Content/SpaceshipInterior/Textures/T_Scifi_Wall_02_S.uasset" 81
"D:/anime pics/BuildingEscapeFinal/Content/SpaceshipInterior/Textures/scifi_wall_02_S.uasset" 82
"D:/anime pics/BuildingEscapeFinal/Content/SpaceshipInterior/Textures/T_Scifi_Wall_02_White_BC.uasset" 83
"D:/anime pics/BuildingEscapeFinal/Content/SpaceshipInterior/Textures/scifi_wall_02_white_A.uasset" 84
"D:/anime pics/BuildingEscapeFinal/Content/SpaceshipInterior/Materials/MI_Scifi_Wall_White.uasset" 85
"D:/anime pics/BuildingEscapeFinal/Content/SpaceshipInterior/Materials/scifi_wall_02_white_inst.uasset" 86
"D:/anime pics/BuildingEscapeFinal/Content/SpaceshipInterior/Textures/T_Scifi_Wall_04_S.uasset" 87
"D:/anime pics/BuildingEscapeFinal/Content/SpaceshipInterior/Textures/scifi_wall_04_S.uasset" 88
"D:/anime pics/BuildingEscapeFinal/Content/SpaceshipInterior/Textures/T_Scifi_Wall_04_R.uasset" 89
"D:/anime pics/BuildingEscapeFinal/Content/SpaceshipInterior/Textures/scifi_wall_04_R.uasset" 90
"D:/anime pics/BuildingEscapeFinal/Content/SpaceshipInterior/Textures/T_Scifi_Wall_04_N.uasset" 91
"D:/anime pics/BuildingEscapeFinal/Content/SpaceshipInterior/Textures/scifi_wall_04_N.uasset" 92
"D:/anime pics/BuildingEscapeFinal/Content/SpaceshipInterior/Textures/T_Scifi_Wall_04_AO.uasset" 93
"D:/anime pics/BuildingEscapeFinal/Content/SpaceshipInterior/Textures/scifi_wall_04_AO.uasset" 94
"D:/anime pics/BuildingEscapeFinal/Content/SpaceshipInterior/Textures/T_Scifi_Wall_04_BC.uasset" 95
"D:/anime pics/BuildingEscapeFinal/Content/SpaceshipInterior/Textures/scifi_wall_04_A.uasset" 96
"D:/anime pics/BuildingEscapeFinal/Content/SpaceshipInterior/Materials/M_Scifi_Wall_04.uasset" 97
"D:/anime pics/BuildingEscapeFinal/Content/SpaceshipInterior/Materials/scifi_wall_04_Mat.uasset" 98
"D:/anime pics/BuildingEscapeFinal/Content/SpaceshipInterior/Textures/T_Scifi_Wall_05_BC.uasset" 99
"D:/anime pics/BuildingEscapeFinal/Content/SpaceshipInterior/Textures/scifi_wall_05_A.uasset" 100
"D:/anime pics/BuildingEscapeFinal/Content/SpaceshipInterior/Textures/T_Scifi_Wall_05_AO.uasset" 101
"D:/anime pics/BuildingEscapeFinal/Content/SpaceshipInterior/Textures/scifi_wall_05_AO.uasset" 102
"D:/anime pics/BuildingEscapeFinal/Content/SpaceshipInterior/Textures/T_Scifi_Wall_05_N.uasset" 103
"D:/anime pics/BuildingEscapeFinal/Content/SpaceshipInterior/Textures/scifi_wall_05_N.uasset" 104
"D:/anime pics/BuildingEscapeFinal/Content/SpaceshipInterior/Textures/T_Scifi_Wall_05_R.uasset" 105
"D:/anime pics/BuildingEscapeFinal/Content/SpaceshipInterior/Textures/scifi_wall_05_R.uasset" 106
"D:/anime pics/BuildingEscapeFinal/Content/SpaceshipInterior/Textures/T_Scifi_Wall_05_S.uasset" 107
"D:/anime pics/BuildingEscapeFinal/Content/SpaceshipInterior/Textures/scifi_wall_05_S.uasset" 108
"D:/anime pics/BuildingEscapeFinal/Content/SpaceshipInterior/Materials/MI_Scifi_Wall_05.uasset" 109
"D:/anime pics/BuildingEscapeFinal/Content/SpaceshipInterior/Materials/scifi_wall_05_Inst.uasset" 110
"D:/anime pics/BuildingEscapeFinal/Content/SpaceshipInterior/Textures/T_Scifi_Floor_04_BC.uasset" 111
"D:/anime pics/BuildingEscapeFinal/Content/SpaceshipInterior/Textures/scifi_floor_04_A.uasset" 112
"D:/anime pics/BuildingEscapeFinal/Content/SpaceshipInterior/Textures/T_Scifi_Floor_04_AO.uasset" 113
"D:/anime pics/BuildingEscapeFinal/Content/SpaceshipInterior/Textures/scifi_floor_04_AO.uasset" 114
"D:/anime pics/BuildingEscapeFinal/Content/SpaceshipInterior/Textures/T_Scifi_Floor_04_N.uasset" 115
"D:/anime pics/BuildingEscapeFinal/Content/SpaceshipInterior/Textures/scifi_floor_04_N.uasset" 116
"D:/anime pics/BuildingEscapeFinal/Content/SpaceshipInterior/Textures/T_Scifi_Floor_04_R.uasset" 117
"D:/anime pics/BuildingEscapeFinal/Content/SpaceshipInterior/Textures/scifi_floor_04_R.uasset" 118
"D:/anime pics/BuildingEscapeFinal/Content/SpaceshipInterior/Textures/T_Scifi_Floor_04_S.uasset" 119
"D:/anime pics/BuildingEscapeFinal/Content/SpaceshipInterior/Textures/scifi_floor_04_S.uasset" 120
"D:/anime pics/BuildingEscapeFinal/Content/SpaceshipInterior/Materials/MI_Scifi_Floor_04.uasset" 121
"D:/anime pics/BuildingEscapeFinal/Content/SpaceshipInterior/Meshes/SM_Scifi_Floor_04_Small.uasset" 122
"D:/anime pics/BuildingEscapeFinal/Content/SpaceshipInterior/Meshes/SM_Scifi_Floor_04_C.uasset" 123
"D:/anime pics/BuildingEscapeFinal/Content/SpaceshipInterior/Meshes/SM_Scifi_Floor_04_Dark.uasset" 124
"D:/anime pics/BuildingEscapeFinal/Content/SpaceshipInterior/Meshes/SM_Scifi_Floor_04_D.uasset" 125
"../../../Engine/Content/EngineMaterials/T_Default_Material_Grid_N.uasset" 126
"../../../Engine/Content/EngineMaterials/T_Default_Material_Grid_M.uasset" 127
"../../../Engine/Content/Functions/Engine_MaterialFunctions01/Opacity/CameraDepthFade.uasset" 128
"../../../Engine/Content/EngineMaterials/WorldGridMaterial.uasset" 129
"../../../Engine/Content/ArtTools/RenderToTexture/Meshes/S_1_Unit_Plane.uasset" 130
"../../../Engine/Content/EngineMaterials/DefaultMaterial.uasset" 131
"../../../Engine/Content/BasicShapes/Cone.uasset" 132
"../../../Engine/Content/BasicShapes/Cube.uasset" 133
"../../../Engine/Content/BasicShapes/Plane.uasset" 134
"../../../Engine/Content/BasicShapes/Sphere.uasset" 135
"../../../Engine/Content/EditorLandscapeResources/DataLayer.uasset" 136
"../../../Engine/Content/EditorLandscapeResources/DefaultAlphaTexture.uasset" 137
"../../../Engine/Content/EditorMaterials/MAT_Groups_Toggle.uasset" 138
"../../../Engine/Content/EditorMaterials/MAT_Groups_Visibility.uasset" 139
"../../../Engine/Content/EditorMaterials/PreviewShadowIndicator.uasset" 140
"../../../Engine/Content/EditorMaterials/PreviewShadowIndicatorMaterial.uasset" 141
"../../../Engine/Content/EditorMaterials/MatineeGroups/MAT_ColorTrack.uasset" 142
"../../../Engine/Content/EditorMaterials/MatineeGroups/MAT_Groups_Anim.uasset" 143
"../../../Engine/Content/EditorMaterials/MatineeGroups/MAT_Groups_AudioMaster.uasset" 144
"../../../Engine/Content/EditorMaterials/MatineeGroups/MAT_Groups_Director.uasset" 145
"../../../Engine/Content/EditorMaterials/MatineeGroups/MAT_Groups_Event.uasset" 146
"../../../Engine/Content/EditorMaterials/MatineeGroups/MAT_Groups_Fade.uasset" 147
"../../../Engine/Content/EditorMaterials/MatineeGroups/MAT_Groups_Float.uasset" 148
"../../../Engine/Content/EditorMaterials/MatineeGroups/MAT_Groups_Move.uasset" 149
"../../../Engine/Content/EditorMaterials/MatineeGroups/MAT_Groups_Slomo.uasset" 150
"../../../Engine/Content/EditorMaterials/MatineeGroups/MAT_Groups_Sound.uasset" 151
"../../../Engine/Content/EditorMaterials/MatineeGroups/MAT_Groups_Vector.uasset" 152
"../../../Engine/Content/EditorMaterials/ParticleSystems/PSysThumbnail_NoImage.uasset" 153
"../../../Engine/Content/EditorMaterials/ParticleSystems/PSysThumbnail_OOD.uasset" 154
"../../../Engine/Content/EditorMaterials/Camera/CineMat.uasset" 155
"../../../Engine/Content/EditorMaterials/Camera/MI_CineMat_Rig.uasset" 156
"../../../Engine/Content/EditorMeshes/Camera/SM_CraneRig_Arm.uasset" 157
"../../../Engine/Content/EditorMeshes/Camera/SM_CraneRig_Base.uasset" 158
"../../../Engine/Content/EditorMeshes/Camera/SM_CraneRig_Body.uasset" 159
"../../../Engine/Content/EditorMeshes/Camera/SM_CraneRig_Mount.uasset" 160
"../../../Engine/Content/EditorMeshes/Camera/SM_RailRig_Mount.uasset" 161
"../../../Engine/Content/EditorMeshes/Camera/SM_RailRig_Track.uasset" 162
"../../../Engine/Content/EditorResources/BSPVertex.uasset" 163
"../../../Engine/Content/EditorResources/EmptyActor.uasset" 164
"../../../Engine/Content/EditorResources/S_Actor.uasset" 165
"../../../Engine/Content/EditorResources/S_Note.uasset" 166
"../../../Engine/Content/EditorResources/S_Solver.uasset" 167
"../../../Engine/Content/EditorResources/S_Terrain.uasset" 168
"../../../Engine/Content/EditorResources/S_Trigger.uasset" 169
"../../../Engine/Content/EditorResources/LightIcons/S_LightError.uasset" 170
"../../../Engine/Content/EditorResources/SequenceRecorder/Countdown.uasset" 171
"../../../Engine/Content/EditorResources/SequenceRecorder/RecordingIndicator.uasset" 172
"../../../Engine/Content/EngineDamageTypes/DmgTypeBP_Environmental.uasset" 173
"../../../Engine/Content/EngineDebugMaterials/DebugEditorMaterial.uasset" 174
"../../../Engine/Content/EngineDebugMaterials/DebugMeshMaterial.uasset" 175
"../../../Engine/Content/EngineDebugMaterials/M_SimpleUnlitTranslucent.uasset" 176
"../../../Engine/Content/EngineDebugMaterials/VolumeToRender.uasset" 177
"../../../Engine/Content/Functions/Engine_MaterialFunctions02/Utility/CameraDirectionVector.uasset" 178
"../../../Engine/Content/EngineDebugMaterials/M_VolumeRenderSphereTracePP.uasset" 179
"../../../Engine/Content/Functions/Engine_MaterialFunctions01/Shading/ConvertFromDiffSpec.uasset" 180
"../../../Engine/Content/EngineDebugMaterials/VertexColorMaterial.uasset" 181
"../../../Engine/Content/EngineDebugMaterials/WireframeMaterial.uasset" 182
"../../../Engine/Content/EngineFonts/Faces/RobotoBoldItalic.uasset" 183
"../../../Engine/Content/EngineFonts/Faces/RobotoBold.uasset" 184
"../../../Engine/Content/EngineFonts/Faces/DroidSansFallback.uasset" 185
"../../../Engine/Content/EngineFonts/Faces/RobotoRegular.uasset" 186
"../../../Engine/Content/EngineFonts/Faces/RobotoLight.uasset" 187
"../../../Engine/Content/EngineFonts/Faces/RobotoItalic.uasset" 188
"../../../Engine/Content/EngineFonts/Roboto.uasset" 189
"../../../Engine/Content/EngineMaterials/BaseFlattenNormalMap.uasset" 190
"../../../Engine/Content/EngineMaterials/BaseFlattenGrayscaleMap.uasset" 191
"../../../Engine/Content/EngineMaterials/BaseFlattenEmissiveMap.uasset" 192
"../../../Engine/Content/EngineMaterials/BaseFlattenDiffuseMap.uasset" 193
"../../../Engine/Content/EngineMaterials/BaseFlattenMaterial.uasset" 194
"../../../Engine/Content/EngineMaterials/BlueNoise.uasset" 195
"../../../Engine/Content/EngineMaterials/DefaultBloomKernel.uasset" 196
"../../../Engine/Content/EngineMaterials/DefaultBokeh.uasset" 197
"../../../Engine/Content/EngineMaterials/DefaultDiffuse.uasset" 198
"../../../Engine/Content/EngineMaterials/DefaultDeferredDecalMaterial.uasset" 199
"../../../Engine/Content/EngineMaterials/DefaultLightFunctionMaterial.uasset" 200
"../../../Engine/Content/EngineMaterials/DefaultPhysicalMaterial.uasset" 201
"../../../Engine/Content/Functions/Engine_MaterialFunctions02/Utility/BreakOutFloat2Components.uasset" 202
"../../../Engine/Content/EngineMaterials/DefaultPostProcessMaterial.uasset" 203
"../../../Engine/Content/EngineFonts/RobotoDistanceField.uasset" 204
"../../../Engine/Content/EngineMaterials/DefaultTextMaterialOpaque.uasset" 205
"../../../Engine/Content/EngineMaterials/DefaultWhiteGrid.uasset" 206
"../../../Engine/Content/EngineMaterials/DefaultWhiteGrid_Low.uasset" 207
"../../../Engine/Content/EngineMaterials/EmissiveMeshMaterial.uasset" 208
"../../../Engine/Content/EngineMaterials/GizmoMaterial.uasset" 209
"../../../Engine/Content/EngineMaterials/Good64x64TilingNoiseHighFreq.uasset" 210
"../../../Engine/Content/EngineMaterials/MiniFont.uasset" 211
"../../../Engine/Content/EngineMaterials/InvalidLightmapSettings.uasset" 212
"../../../Engine/Content/EngineMaterials/M_InvalidLightmapSettings.uasset" 213
"../../../Engine/Content/Functions/Engine_MaterialFunctions02/WorldPositionOffset/CameraOffset.uasset" 214
"../../../Engine/Content/EngineMaterials/PhAT_JointLimitMaterial.uasset" 215
"../../../Engine/Content/EngineMaterials/PreintegratedSkinBRDF.uasset" 216
"../../../Engine/Content/EngineMaterials/RemoveSurfaceMaterial.uasset" 217
"../../../Engine/Content/EngineMaterials/WeightMapPlaceholderTexture.uasset" 218
"../../../Engine/Content/EngineResources/WhiteSquareTexture.uasset" 219
"../../../Engine/Content/EngineMaterials/Widget3DPassThrough.uasset" 220
"../../../Engine/Content/EngineMaterials/Widget3DPassThrough_Masked.uasset" 221
"../../../Engine/Content/EngineMaterials/Widget3DPassThrough_Opaque.uasset" 222
"../../../Engine/Content/EngineMaterials/Widget3DPassThrough_Masked_OneSided.uasset" 223
"../../../Engine/Content/EngineMaterials/Widget3DPassThrough_Opaque_OneSided.uasset" 224
"../../../Engine/Content/EngineMaterials/Widget3DPassThrough_Translucent.uasset" 225
"../../../Engine/Content/EngineMaterials/Widget3DPassThrough_Translucent_OneSided.uasset" 226
"../../../Engine/Content/EngineMeshes/Cube.uasset" 227
"../../../Engine/Content/EngineMeshes/Cylinder.uasset" 228
"../../../Engine/Content/EngineMeshes/Sphere.uasset" 229
"../../../Engine/Content/EngineResources/Black.uasset" 230
"../../../Engine/Content/EngineResources/DefaultTextureCube.uasset" 231
"../../../Engine/Content/EngineResources/DefaultVolumeTexture2D.uasset" 232
"../../../Engine/Content/EngineResources/DefaultVolumeTexture.uasset" 233
"../../../Engine/Content/EngineResources/GradientTexture0.uasset" 234
"../../../Engine/Content/EngineSky/VolumetricClouds/T_NoiseShape64.uasset" 235
"../../../Engine/Content/EngineSky/VolumetricClouds/T_VolumeNoiseShape64.uasset" 236
"../../../Engine/Content/EngineSky/VolumetricClouds/T_NoiseErosion.uasset" 237
"../../../Engine/Content/EngineSky/VolumetricClouds/T_VolumeNoiseErosion32.uasset" 238
"../../../Engine/Content/EngineSky/VolumetricClouds/CloudWeatherTexture.uasset" 239
"../../../Engine/Content/EngineSky/VolumetricClouds/CloudGradientTexture.uasset" 240
"../../../Engine/Content/Functions/Engine_MaterialFunctions02/Utility/MakeFloat2.uasset" 241
"../../../Engine/Content/EngineSky/VolumetricClouds/m_SimpleVolumetricCloud.uasset" 242
"../../../Engine/Content/EngineSky/VolumetricClouds/m_SimpleVolumetricCloud_Inst.uasset" 243
"../../../Engine/Content/EngineSounds/Master.uasset" 244
"../../../Engine/Content/Functions/Engine_MaterialFunctions01/Shading/PowerToRoughness.uasset" 245
"../../../Engine/Content/Maps/Templates/Thumbnails/Default.uasset" 246
"../../../Engine/Content/Maps/Templates/Thumbnails/TimeOfDay.uasset" 247
"../../../Engine/Content/Maps/Templates/Thumbnails/VR-Basic.uasset" 248
"../../../Engine/Content/MobileResources/T_MobileControls_texture.uasset" 249
"../../../Engine/Content/MobileResources/T_MobileMenu2.uasset" 250
"../../../Engine/Content/MobileResources/HUD/AnalogHat.uasset" 251
"../../../Engine/Content/MobileResources/HUD/VirtualJoystick_Thumb.uasset" 252
"../../../Engine/Content/MobileResources/HUD/VirtualJoystick_Background.uasset" 253
"../../../Engine/Content/MobileResources/HUD/DefaultVirtualJoysticks.uasset" 254
"../../../Engine/Content/MobileResources/HUD/LeftVirtualJoystickOnly.uasset" 255
"../../../Engine/Content/MobileResources/HUD/MobileHUDButton1_off.uasset" 256
"../../../Engine/Content/MobileResources/HUD/MobileHUDButton1_on.uasset" 257
"../../../Engine/Content/MobileResources/HUD/MobileHUDButton2_off.uasset" 258
"../../../Engine/Content/MobileResources/HUD/MobileHUDButton2_on.uasset" 259
"../../../Engine/Content/MobileResources/HUD/MobileHUDButton3.uasset" 260
"../../../Engine/Content/MobileResources/HUD/MobileHUDButtonFire.uasset" 261
"../../../Engine/Content/MobileResources/HUD/MobileHUDDirectionPad.uasset" 262
"../../../Engine/Content/MobileResources/HUD/MobileHUDDirectionPad2.uasset" 263
"../../../Engine/Content/MobileResources/HUD/MobileHUDDirectionPad3.uasset" 264
"../../../Engine/Content/MobileResources/HUD/MobileHUDDirectionStick.uasset" 265
"../../../Engine/Content/MobileResources/HUD/T_Castle_ThumbstickInner.uasset" 266
"../../../Engine/Content/MobileResources/HUD/T_Castle_ThumbstickOutter.uasset" 267
"../../../Engine/Content/Tutorial/ContentIntroCurve.uasset" 268
"../../../Engine/Content/Tutorial/Basics/LevelEditorAttract.uasset" 269
"../../../Engine/Content/Tutorial/Basics/TutorialAssets/icon_tab_Levels_40x.uasset" 270
"../../../Engine/Content/Tutorial/Basics/LevelEditorOverview.uasset" 271
"../../../Engine/Content/Tutorial/SubEditors/StaticMeshEditorTutorial.uasset" 272
"../../../Engine/Content/VREditor/TransformGizmo/TranslucentTransformGizmoMaterial.uasset" 273
"../../../Engine/Content/VREditor/LaserPointer/VR_LaserPower_01.uasset" 274
"../../../Engine/Content/VREditor/TransformGizmo/TransformGizmoMaterial.uasset" 275
"../../../Engine/Content/VREditor/TransformGizmo/BoundingBoxCorner.uasset" 276
"../../../Engine/Content/VREditor/TransformGizmo/BoundingBoxEdge.uasset" 277
"../../../Engine/Content/VREditor/TransformGizmo/PlaneTranslationHandle.uasset" 278
"../../../Engine/Content/VREditor/TransformGizmo/Xray.uasset" 279
"../../../Engine/Content/VREditor/TransformGizmo/Main.uasset" 280
"../../../Engine/Content/VREditor/TransformGizmo/SM_Sequencer_Key.uasset" 281
"../../../Engine/Content/VREditor/TransformGizmo/SM_Sequencer_Node.uasset" 282
"../../Plugins/2D/Paper2D/Content/PlaceholderTextures/DummySpriteTexture.uasset" 283
"../../Plugins/2D/Paper2D/Content/DummySprite.uasset" 284
"../../Plugins/2D/Paper2D/Content/DefaultPaperTerrainMaterial.uasset" 285
"../../Plugins/2D/Paper2D/Content/DefaultSpriteMaterial.uasset" 286
"../../Plugins/2D/Paper2D/Content/MaskedUnlitSpriteMaterial.uasset" 287
"../../Plugins/2D/Paper2D/Content/OpaqueUnlitSpriteMaterial.uasset" 288
"../../../Engine/Content/Functions/Engine_MaterialFunctions02/Utility/BreakOutFloat3Components.uasset" 289
"../../Plugins/Editor/SpeedTreeImporter/Content/SpeedTree9/UnpackInteger3.uasset" 290
"../../Plugins/Editor/SpeedTreeImporter/Content/SpeedTree9/UnpackDirection.uasset" 291
"../../Plugins/Editor/SpeedTreeImporter/Content/SpeedTree9/game_wind_noise.uasset" 292
"../../../Engine/Content/Functions/Engine_MaterialFunctions02/SafeNormalize.uasset" 293
"../../Plugins/Editor/SpeedTreeImporter/Content/SpeedTree9/SpeedTreeWindMotion.uasset" 294
"../../Plugins/Editor/SpeedTreeImporter/Content/SpeedTree9/SpeedTreeBranchMotion.uasset" 295
"../../../Engine/Content/Functions/Engine_MaterialFunctions02/ObjectLocalBounds.uasset" 296
"../../../Engine/Content/Functions/Engine_MaterialFunctions02/UVs/BoundingBoxBased_0-1_UVW.uasset" 297
"../../Plugins/Editor/SpeedTreeImporter/Content/SpeedTree9/SpeedTreeWind.uasset" 298
"../../Plugins/Editor/SpeedTreeImporter/Content/SpeedTree9/SpeedTreeBillboard.uasset" 299
"../../../Engine/Content/EngineResources/DefaultTexture.uasset" 300
"../../Plugins/Editor/SpeedTreeImporter/Content/SpeedTree9/SpeedTreeBillboardMaster.uasset" 301
"../../Plugins/Editor/SpeedTreeImporter/Content/SpeedTree9/SpeedTreeCameraFacing.uasset" 302
"../../Plugins/Editor/SpeedTreeImporter/Content/SpeedTree9/SpeedTreeMaster.uasset" 303
"../../../Engine/Content/BasicShapes/Cylinder.uasset" 304
"../../../Engine/Content/ArtTools/RenderToTexture/Materials/Debug/M_Emissive_Color.uasset" 305
"../../Plugins/Lumin/MagicLeapPassableWorld/Content/MagicLeapARPinInfoActor.uasset" 306
"../../../Engine/Content/Functions/Engine_MaterialFunctions02/Utility/BreakOutFloat4Components.uasset" 307
"../../../Engine/Content/Functions/Engine_MaterialFunctions02/Utility/MakeFloat3.uasset" 308
"../../Plugins/Runtime/Oculus/OculusVR/Content/Materials/OculusMR_ChromaKey.uasset" 309
"../../Plugins/Runtime/Oculus/OculusVR/Content/Materials/OculusMR_OpaqueColoredMaterial.uasset" 310
"../../Plugins/Runtime/Oculus/OculusVR/Content/Materials/PokeAHoleMaterial.uasset" 311
"D:/anime pics/BuildingEscapeFinal/Content/SpaceshipInterior/Textures/T_Scifi_Wall_02_A.uasset" 312
"D:/anime pics/BuildingEscapeFinal/Content/SpaceshipInterior/Textures/scifi_wall_02_A.uasset" 313
"D:/anime pics/BuildingEscapeFinal/Content/SpaceshipInterior/Materials/MI_Scifi_Wall_02.uasset" 314
"D:/anime pics/BuildingEscapeFinal/Content/SpaceshipInterior/Textures/T_Scifi_Floor_02_BC.uasset" 315
"D:/anime pics/BuildingEscapeFinal/Content/SpaceshipInterior/Textures/scifi_floor_02_A.uasset" 316
"D:/anime pics/BuildingEscapeFinal/Content/SpaceshipInterior/Textures/T_Scifi_Floor_02_AO.uasset" 317
"D:/anime pics/BuildingEscapeFinal/Content/SpaceshipInterior/Textures/scifi_floor_02_AO.uasset" 318
"D:/anime pics/BuildingEscapeFinal/Content/SpaceshipInterior/Textures/T_Scifi_Floor_02_N.uasset" 319
"D:/anime pics/BuildingEscapeFinal/Content/SpaceshipInterior/Textures/scifi_floor_02_N.uasset" 320
"D:/anime pics/BuildingEscapeFinal/Content/SpaceshipInterior/Textures/T_Scifi_Floor_02_R.uasset" 321
"D:/anime pics/BuildingEscapeFinal/Content/SpaceshipInterior/Textures/scifi_floor_02_R.uasset" 322
"D:/anime pics/BuildingEscapeFinal/Content/SpaceshipInterior/Textures/T_Scifi_Floor_02_S.uasset" 323
"D:/anime pics/BuildingEscapeFinal/Content/SpaceshipInterior/Textures/scifi_floor_02_S.uasset" 324
"D:/anime pics/BuildingEscapeFinal/Content/SpaceshipInterior/Materials/MI_Scifi_Floor_02.uasset" 325
"D:/anime pics/BuildingEscapeFinal/Content/SpaceshipInterior/Meshes/SM_Scifi_Railing_8m.uasset" 326
"D:/anime pics/BuildingEscapeFinal/Content/SpaceshipInterior/Textures/T_Scifi_Wall_01_A.uasset" 327
"D:/anime pics/BuildingEscapeFinal/Content/SpaceshipInterior/Textures/scifi_wall_01_A.uasset" 328
"D:/anime pics/BuildingEscapeFinal/Content/SpaceshipInterior/Textures/T_Scifi_Wall_01_AO.uasset" 329
"D:/anime pics/BuildingEscapeFinal/Content/SpaceshipInterior/Textures/scifi_wall_01_AO.uasset" 330
"D:/anime pics/BuildingEscapeFinal/Content/SpaceshipInterior/Textures/T_Scifi_Wall_01_N.uasset" 331
"D:/anime pics/BuildingEscapeFinal/Content/SpaceshipInterior/Textures/scifi_wall_01_N.uasset" 332
"D:/anime pics/BuildingEscapeFinal/Content/SpaceshipInterior/Textures/T_Scifi_Wall_01_R.uasset" 333
"D:/anime pics/BuildingEscapeFinal/Content/SpaceshipInterior/Textures/scifi_wall_01_R.uasset" 334
"D:/anime pics/BuildingEscapeFinal/Content/SpaceshipInterior/Textures/T_Scifi_Wall_01_S.uasset" 335
"D:/anime pics/BuildingEscapeFinal/Content/SpaceshipInterior/Textures/scifi_wall_01_S.uasset" 336
"D:/anime pics/BuildingEscapeFinal/Content/SpaceshipInterior/Materials/MI_Scifi_Wall_01.uasset" 337
"D:/anime pics/BuildingEscapeFinal/Content/SpaceshipInterior/Meshes/SM_Scifi_Stairs.uasset" 338
"D:/anime pics/BuildingEscapeFinal/Content/SpaceshipInterior/Meshes/SM_Scifi_StairsSingle.uasset" 339
"D:/anime pics/BuildingEscapeFinal/Content/SpaceshipInterior/Meshes/SM_Scifi_Wall_05_OuterCorner_01.uasset" 340
"D:/anime pics/BuildingEscapeFinal/Content/SpaceshipInterior/Meshes/SM_Scifi_Wall_05_4m.uasset" 341
"D:/anime pics/BuildingEscapeFinal/Content/SpaceshipInterior/Textures/T_Scifi_Wall_03_BC.uasset" 342
"D:/anime pics/BuildingEscapeFinal/Content/SpaceshipInterior/Textures/scifi_wall_03_A.uasset" 343
"D:/anime pics/BuildingEscapeFinal/Content/SpaceshipInterior/Textures/T_Scifi_Wall_03_AO.uasset" 344
"D:/anime pics/BuildingEscapeFinal/Content/SpaceshipInterior/Textures/scifi_wall_03_AO.uasset" 345
"D:/anime pics/BuildingEscapeFinal/Content/SpaceshipInterior/Textures/T_Scifi_Wall_03_N.uasset" 346
"D:/anime pics/BuildingEscapeFinal/Content/SpaceshipInterior/Textures/scifi_wall_03_N.uasset" 347
"D:/anime pics/BuildingEscapeFinal/Content/SpaceshipInterior/Textures/T_Scifi_Wall_03_R.uasset" 348
"D:/anime pics/BuildingEscapeFinal/Content/SpaceshipInterior/Textures/scifi_wall_03_R.uasset" 349
"D:/anime pics/BuildingEscapeFinal/Content/SpaceshipInterior/Textures/T_Scifi_Wall_03_S.uasset" 350
"D:/anime pics/BuildingEscapeFinal/Content/SpaceshipInterior/Textures/scifi_wall_03_S.uasset" 351
"D:/anime pics/BuildingEscapeFinal/Content/SpaceshipInterior/Materials/MI_Scifi_Wall_03.uasset" 352
"D:/anime pics/BuildingEscapeFinal/Content/SpaceshipInterior/Meshes/SM_Scifi_Wall_03_InnerCorner.uasset" 353
"D:/anime pics/BuildingEscapeFinal/Content/SpaceshipInterior/Meshes/SM_Scifi_Wall_03_8m.uasset" 354
"D:/anime pics/BuildingEscapeFinal/Content/SpaceshipInterior/Meshes/SM_Scifi_Wall_03_4m.uasset" 355
"D:/anime pics/BuildingEscapeFinal/Content/SpaceshipInterior/Meshes/SM_Scifi_Wall_03_12m.uasset" 356
"D:/anime pics/BuildingEscapeFinal/Content/SpaceshipInterior/Meshes/SM_Scifi_Wall_01_Plate.uasset" 357
"D:/anime pics/BuildingEscapeFinal/Content/SpaceshipInterior/Meshes/SM_Scifi_Wall_01_InnerCorner_02.uasset" 358
"D:/anime pics/BuildingEscapeFinal/Content/SpaceshipInterior/Meshes/SM_Scifi_Wall_01_4m.uasset" 359
"D:/anime pics/BuildingEscapeFinal/Content/SpaceshipInterior/Meshes/SM_Scifi_Railing_4m.uasset" 360
"D:/anime pics/BuildingEscapeFinal/Content/SpaceshipInterior/Meshes/SM_Scifi_Floor_04_Base.uasset" 361
"D:/anime pics/BuildingEscapeFinal/Content/SpaceshipInterior/Meshes/SM_Scifi_Floor_03.uasset" 362
"D:/anime pics/BuildingEscapeFinal/Content/SpaceshipInterior/Meshes/SM_Scifi_Floor_02_8m.uasset" 363
"D:/anime pics/BuildingEscapeFinal/Content/SpaceshipInterior/Meshes/SM_Scifi_Fence_01_Frame.uasset" 364
"D:/anime pics/BuildingEscapeFinal/Content/SpaceshipInterior/Textures/T_Scifi_Door_02_BC.uasset" 365
"D:/anime pics/BuildingEscapeFinal/Content/SpaceshipInterior/Textures/scifi_door_02_A.uasset" 366
"D:/anime pics/BuildingEscapeFinal/Content/SpaceshipInterior/Textures/T_Scifi_Door_02_AO.uasset" 367
"D:/anime pics/BuildingEscapeFinal/Content/SpaceshipInterior/Textures/scifi_door_02_AO.uasset" 368
"D:/anime pics/BuildingEscapeFinal/Content/SpaceshipInterior/Textures/T_Scifi_Door_02_R.uasset" 369
"D:/anime pics/BuildingEscapeFinal/Content/SpaceshipInterior/Textures/scifi_door_02_R.uasset" 370
"D:/anime pics/BuildingEscapeFinal/Content/SpaceshipInterior/Textures/T_Scifi_Door_02_S.uasset" 371
"D:/anime pics/BuildingEscapeFinal/Content/SpaceshipInterior/Textures/scifi_door_02_S.uasset" 372
"D:/anime pics/BuildingEscapeFinal/Content/SpaceshipInterior/Textures/T_Scifi_Door_02_N.uasset" 373
"D:/anime pics/BuildingEscapeFinal/Content/SpaceshipInterior/Textures/scifi_door_02_N.uasset" 374
"D:/anime pics/BuildingEscapeFinal/Content/SpaceshipInterior/Materials/MI_Scifi_Door_02.uasset" 375
"D:/anime pics/BuildingEscapeFinal/Content/SpaceshipInterior/Meshes/SM_Scifi_Door_02_Frame.uasset" 376
"D:/anime pics/BuildingEscapeFinal/Content/SpaceshipInterior/Meshes/SM_Scifi_Door_02.uasset" 377
"D:/anime pics/BuildingEscapeFinal/Content/SpaceshipInterior/Meshes/SM_Scifi_Door_01_Door.uasset" 378
"D:/anime pics/BuildingEscapeFinal/Content/SpaceshipInterior/Materials/scifi_door_01_Mat.uasset" 379
"D:/anime pics/BuildingEscapeFinal/Content/SpaceshipInterior/Textures/T_Scifi_Crate_BC.uasset" 380
"D:/anime pics/BuildingEscapeFinal/Content/SpaceshipInterior/Textures/scifi_crate_A.uasset" 381
"D:/anime pics/BuildingEscapeFinal/Content/SpaceshipInterior/Textures/T_Scifi_Crate_AO.uasset" 382
"D:/anime pics/BuildingEscapeFinal/Content/SpaceshipInterior/Textures/scifi_crate_AO.uasset" 383
"D:/anime pics/BuildingEscapeFinal/Content/SpaceshipInterior/Textures/T_Scifi_Crate_N.uasset" 384
"D:/anime pics/BuildingEscapeFinal/Content/SpaceshipInterior/Textures/scifi_crate_N.uasset" 385
"D:/anime pics/BuildingEscapeFinal/Content/SpaceshipInterior/Textures/T_Scifi_Crate_R.uasset" 386
"D:/anime pics/BuildingEscapeFinal/Content/SpaceshipInterior/Textures/scifi_crate_R.uasset" 387
"D:/anime pics/BuildingEscapeFinal/Content/SpaceshipInterior/Textures/T_Scifi_Crate_S.uasset" 388
"D:/anime pics/BuildingEscapeFinal/Content/SpaceshipInterior/Textures/scifi_crate_S.uasset" 389
"D:/anime pics/BuildingEscapeFinal/Content/SpaceshipInterior/Materials/MI_Scifi_Crate.uasset" 390
"D:/anime pics/BuildingEscapeFinal/Content/SpaceshipInterior/Meshes/SM_Scifi_Crate.uasset" 391
"D:/anime pics/BuildingEscapeFinal/Content/SpaceshipInterior/Textures/T_Scifi_Chair_BC.uasset" 392
"D:/anime pics/BuildingEscapeFinal/Content/SpaceshipInterior/Textures/scifi_chair_A.uasset" 393
"D:/anime pics/BuildingEscapeFinal/Content/SpaceshipInterior/Textures/T_Scifi_Chair_AO.uasset" 394
"D:/anime pics/BuildingEscapeFinal/Content/SpaceshipInterior/Textures/scifi_chair_AO.uasset" 395
"D:/anime pics/BuildingEscapeFinal/Content/SpaceshipInterior/Textures/T_Scifi_Chair_N.uasset" 396
"D:/anime pics/BuildingEscapeFinal/Content/SpaceshipInterior/Textures/scifi_chair_N.uasset" 397
"D:/anime pics/BuildingEscapeFinal/Content/SpaceshipInterior/Textures/T_Scifi_Chair_R.uasset" 398
"D:/anime pics/BuildingEscapeFinal/Content/SpaceshipInterior/Textures/scifi_chair_R.uasset" 399
"D:/anime pics/BuildingEscapeFinal/Content/SpaceshipInterior/Textures/T_Scifi_Chair_S.uasset" 400
"D:/anime pics/BuildingEscapeFinal/Content/SpaceshipInterior/Textures/scifi_chair_S.uasset" 401
"D:/anime pics/BuildingEscapeFinal/Content/SpaceshipInterior/Materials/MI_Scifi_chair.uasset" 402
"D:/anime pics/BuildingEscapeFinal/Content/SpaceshipInterior/Meshes/SM_Scifi_Chair.uasset" 403
"D:/anime pics/BuildingEscapeFinal/Content/SpaceshipInterior/Textures/T_Scifi_Floor_01_BC.uasset" 404
"D:/anime pics/BuildingEscapeFinal/Content/SpaceshipInterior/Textures/scifi_floor_01_A.uasset" 405
"D:/anime pics/BuildingEscapeFinal/Content/SpaceshipInterior/Textures/T_Scifi_Floor_01_AO.uasset" 406
"D:/anime pics/BuildingEscapeFinal/Content/SpaceshipInterior/Textures/scifi_floor_01_AO.uasset" 407
"D:/anime pics/BuildingEscapeFinal/Content/SpaceshipInterior/Textures/T_Scifi_Floor_01_N.uasset" 408
"D:/anime pics/BuildingEscapeFinal/Content/SpaceshipInterior/Textures/scifi_floor_01_N.uasset" 409
"D:/anime pics/BuildingEscapeFinal/Content/SpaceshipInterior/Textures/T_Scifi_Floor_01_R.uasset" 410
"D:/anime pics/BuildingEscapeFinal/Content/SpaceshipInterior/Textures/scifi_floor_01_R.uasset" 411
"D:/anime pics/BuildingEscapeFinal/Content/SpaceshipInterior/Textures/T_Scifi_Floor_01_S.uasset" 412
"D:/anime pics/BuildingEscapeFinal/Content/SpaceshipInterior/Textures/scifi_floor_01_S.uasset" 413
"D:/anime pics/BuildingEscapeFinal/Content/SpaceshipInterior/Materials/MI_Scifi_Floor_01.uasset" 414
"D:/anime pics/BuildingEscapeFinal/Content/SpaceshipInterior/Meshes/SM_Scifi_Floor_01_Plateb.uasset" 415
"D:/anime pics/BuildingEscapeFinal/Content/SpaceshipInterior/Meshes/SM_Scifi_Cable_01.uasset" 416
"../../../Engine/Content/EngineSky/T_Sky_Clouds_M.uasset" 417
"../../../Engine/Content/EngineSky/T_Sky_Stars.uasset" 418
"../../../Engine/Content/EngineSky/T_Sky_Blue.uasset" 419
"../../../Engine/Content/EngineSky/M_Sky_Panning_Clouds2.uasset" 420
"../../../Engine/Content/EngineSky/SM_SkySphere.uasset" 421
"../../../Engine/Content/EngineSky/C_Sky_Zenith_Color.uasset" 422
"../../../Engine/Content/EngineSky/C_Sky_Horizon_Color.uasset" 423
"../../../Engine/Content/EngineSky/C_Sky_Cloud_Color.uasset" 424
"../../../Engine/Content/EditorBlueprintResources/StandardMacros.uasset" 425
"../../../Engine/Content/EngineSky/BP_Sky_Sphere.uasset" 426
"D:/anime pics/BuildingEscapeFinal/Content/SpaceshipInterior/Meshes/SM_Scifi_Cable_02.uasset" 427
"../../../Engine/Content/MapTemplates/SM_Template_Map_Floor.uasset" 428
"D:/anime pics/BuildingEscapeFinal/Content/SpaceshipInterior/Textures/T_Scifi_Bag_BC.uasset" 429
"D:/anime pics/BuildingEscapeFinal/Content/SpaceshipInterior/Textures/scifi_bag_A.uasset" 430
"D:/anime pics/BuildingEscapeFinal/Content/SpaceshipInterior/Textures/T_Scifi_Bag_AO.uasset" 431
"D:/anime pics/BuildingEscapeFinal/Content/SpaceshipInterior/Textures/scifi_bag_AO.uasset" 432
"D:/anime pics/BuildingEscapeFinal/Content/SpaceshipInterior/Textures/T_Scifi_Bag_N.uasset" 433
"D:/anime pics/BuildingEscapeFinal/Content/SpaceshipInterior/Textures/scifi_bag_N.uasset" 434
"D:/anime pics/BuildingEscapeFinal/Content/SpaceshipInterior/Textures/T_Scifi_Bag_R.uasset" 435
"D:/anime pics/BuildingEscapeFinal/Content/SpaceshipInterior/Textures/scifi_bag_R.uasset" 436
"D:/anime pics/BuildingEscapeFinal/Content/SpaceshipInterior/Textures/T_Scifi_Bag_S.uasset" 437
"D:/anime pics/BuildingEscapeFinal/Content/SpaceshipInterior/Textures/scifi_bag_S.uasset" 438
"D:/anime pics/BuildingEscapeFinal/Content/SpaceshipInterior/Materials/MI_Scifi_Bag_01.uasset" 439
"D:/anime pics/BuildingEscapeFinal/Content/SpaceshipInterior/Meshes/SM_Scifi_Bag.uasset" 440
"D:/anime pics/BuildingEscapeFinal/Content/SpaceshipInterior/Meshes/SM_Scifi_Floor_03_4m.uasset" 441
"D:/anime pics/BuildingEscapeFinal/Content/SpaceshipInterior/Textures/T_Scifi_Pillar_01_BC.uasset" 442
"D:/anime pics/BuildingEscapeFinal/Content/SpaceshipInterior/Textures/scifi_pillar_01_A.uasset" 443
"D:/anime pics/BuildingEscapeFinal/Content/SpaceshipInterior/Textures/T_Scifi_Pillar_01_AO.uasset" 444
"D:/anime pics/BuildingEscapeFinal/Content/SpaceshipInterior/Textures/scifi_pillar_01_AO.uasset" 445
"D:/anime pics/BuildingEscapeFinal/Content/SpaceshipInterior/Textures/T_Scifi_Pillar_01_R.uasset" 446
"D:/anime pics/BuildingEscapeFinal/Content/SpaceshipInterior/Textures/scifi_pillar_01_R.uasset" 447
"D:/anime pics/BuildingEscapeFinal/Content/SpaceshipInterior/Textures/T_Scifi_Pillar_01_S.uasset" 448
"D:/anime pics/BuildingEscapeFinal/Content/SpaceshipInterior/Textures/scifi_pillar_01_S.uasset" 449
"D:/anime pics/BuildingEscapeFinal/Content/SpaceshipInterior/Textures/T_Scifi_Panel_S.uasset" 450
"D:/anime pics/BuildingEscapeFinal/Content/SpaceshipInterior/Textures/scifi_panel_S.uasset" 451
"D:/anime pics/BuildingEscapeFinal/Content/SpaceshipInterior/Textures/T_Scifi_Panel_R.uasset" 452
"D:/anime pics/BuildingEscapeFinal/Content/SpaceshipInterior/Textures/scifi_panel_R.uasset" 453
"D:/anime pics/BuildingEscapeFinal/Content/SpaceshipInterior/Textures/T_Scifi_Panel_N.uasset" 454
"D:/anime pics/BuildingEscapeFinal/Content/SpaceshipInterior/Textures/scifi_panel_N.uasset" 455
"D:/anime pics/BuildingEscapeFinal/Content/SpaceshipInterior/Textures/T_Scifi_Panel_AO.uasset" 456
"D:/anime pics/BuildingEscapeFinal/Content/SpaceshipInterior/Textures/scifi_panel_AO.uasset" 457
"D:/anime pics/BuildingEscapeFinal/Content/SpaceshipInterior/Textures/T_Scifi_Panel_A.uasset" 458
"D:/anime pics/BuildingEscapeFinal/Content/SpaceshipInterior/Textures/scifi_panel_A.uasset" 459
"D:/anime pics/BuildingEscapeFinal/Content/SpaceshipInterior/Materials/MI_Scifi_Panel.uasset" 460
"D:/anime pics/BuildingEscapeFinal/Content/SpaceshipInterior/Materials/MI_Scifi_Pillar.uasset" 461
"D:/anime pics/BuildingEscapeFinal/Content/SpaceshipInterior/Meshes/SM_Scifi_Floor_Halfcut.uasset" 462
"D:/anime pics/BuildingEscapeFinal/Content/SpaceshipInterior/Meshes/SM_Scifi_Hangar_Floor.uasset" 463
"D:/anime pics/BuildingEscapeFinal/Content/SpaceshipInterior/Textures/T_Scifi_Lamp_AO.uasset" 464
"D:/anime pics/BuildingEscapeFinal/Content/SpaceshipInterior/Textures/scifi_lamp_AO.uasset" 465
"D:/anime pics/BuildingEscapeFinal/Content/SpaceshipInterior/Textures/T_Scifi_Lamp_N.uasset" 466
"D:/anime pics/BuildingEscapeFinal/Content/SpaceshipInterior/Textures/scifi_lamp_N.uasset" 467
"D:/anime pics/BuildingEscapeFinal/Content/SpaceshipInterior/Textures/T_Scifi_Lamp_R.uasset" 468
"D:/anime pics/BuildingEscapeFinal/Content/SpaceshipInterior/Textures/scifi_lamp_R.uasset" 469
"D:/anime pics/BuildingEscapeFinal/Content/SpaceshipInterior/Textures/T_Scifi_Lamp_S.uasset" 470
"D:/anime pics/BuildingEscapeFinal/Content/SpaceshipInterior/Textures/scifi_lamp_S.uasset" 471
"D:/anime pics/BuildingEscapeFinal/Content/SpaceshipInterior/Textures/T_Scifi_Lamp_BC.uasset" 472
"D:/anime pics/BuildingEscapeFinal/Content/SpaceshipInterior/Textures/scifi_lamp_A.uasset" 473
"D:/anime pics/BuildingEscapeFinal/Content/SpaceshipInterior/Materials/MI_Scifi_Lamp.uasset" 474
"D:/anime pics/BuildingEscapeFinal/Content/SpaceshipInterior/Materials/M_Scifi_Glow.uasset" 475
"D:/anime pics/BuildingEscapeFinal/Content/SpaceshipInterior/Meshes/SM_Scifi_Lamp.uasset" 476
"D:/anime pics/BuildingEscapeFinal/Content/SpaceshipInterior/Textures/T_Scifi_Net_M.uasset" 477
"D:/anime pics/BuildingEscapeFinal/Content/SpaceshipInterior/Textures/scifi_net_alpha.uasset" 478
"D:/anime pics/BuildingEscapeFinal/Content/SpaceshipInterior/Textures/T_Scifi_Net_S.uasset" 479
"D:/anime pics/BuildingEscapeFinal/Content/SpaceshipInterior/Textures/scifi_net_S.uasset" 480
"D:/anime pics/BuildingEscapeFinal/Content/SpaceshipInterior/Textures/T_Scifi_Net_R.uasset" 481
"D:/anime pics/BuildingEscapeFinal/Content/SpaceshipInterior/Textures/scifi_net_R.uasset" 482
"D:/anime pics/BuildingEscapeFinal/Content/SpaceshipInterior/Textures/T_Scifi_Net_AO.uasset" 483
"D:/anime pics/BuildingEscapeFinal/Content/SpaceshipInterior/Textures/scifi_net_AO.uasset" 484
"D:/anime pics/BuildingEscapeFinal/Content/SpaceshipInterior/Textures/T_Scifi_Net_N.uasset" 485
"D:/anime pics/BuildingEscapeFinal/Content/SpaceshipInterior/Textures/scifi_net_N.uasset" 486
"D:/anime pics/BuildingEscapeFinal/Content/SpaceshipInterior/Textures/T_Scifi_Net_BC.uasset" 487
"D:/anime pics/BuildingEscapeFinal/Content/SpaceshipInterior/Textures/scifi_net_A.uasset" 488
"D:/anime pics/BuildingEscapeFinal/Content/SpaceshipInterior/Materials/MI_Scifi_Net.uasset" 489
"D:/anime pics/BuildingEscapeFinal/Content/SpaceshipInterior/Meshes/SM_Scifi_Net.uasset" 490
"D:/anime pics/BuildingEscapeFinal/Content/SpaceshipInterior/Meshes/SM_Scifi_Panel_01.uasset" 491
"D:/anime pics/BuildingEscapeFinal/Content/SpaceshipInterior/Meshes/SM_Scifi_Pillar_01_12m_HalfArch.uasset" 492
"D:/anime pics/BuildingEscapeFinal/Content/SpaceshipInterior/Meshes/SM_Scifi_Pillar_01_6m.uasset" 493
"D:/anime pics/BuildingEscapeFinal/Content/SpaceshipInterior/Meshes/SM_Scifi_Pillar_01_Base.uasset" 494
"D:/anime pics/BuildingEscapeFinal/Content/SpaceshipInterior/Meshes/SM_Scifi_Pipe_01_4m.uasset" 495
"D:/anime pics/BuildingEscapeFinal/Content/SpaceshipInterior/Meshes/SM_Scifi_Pipe_01_5m.uasset" 496
"D:/anime pics/BuildingEscapeFinal/Content/SpaceshipInterior/Meshes/SM_Scifi_Pipe_01_Bend.uasset" 497
"D:/anime pics/BuildingEscapeFinal/Content/SpaceshipInterior/Meshes/SM_Scifi_Pipe_02.uasset" 498
"D:/anime pics/BuildingEscapeFinal/Content/SpaceshipInterior/Meshes/SM_Scifi_Pipe_02_4m.uasset" 499
"D:/anime pics/BuildingEscapeFinal/Content/SpaceshipInterior/Meshes/SM_Scifi_Pipe_02_BendSmal.uasset" 500
"D:/anime pics/BuildingEscapeFinal/Content/SpaceshipInterior/Meshes/SM_Scifi_Pipe_01_BendSmall.uasset" 501
"D:/anime pics/BuildingEscapeFinal/Content/SpaceshipInterior/Meshes/SM_Scifi_Pipe_02_Bend.uasset" 502
"D:/anime pics/BuildingEscapeFinal/Content/Map/FinalMap.umap" 503
"D:/anime pics/BuildingEscapeFinal/Content/SpaceshipInterior/Meshes/SM_Scifi_Window_Arc_02.uasset" 504
"D:/anime pics/BuildingEscapeFinal/Content/SpaceshipInterior/Meshes/SM_Scifi_Window_Arc_01.uasset" 505
"D:/anime pics/BuildingEscapeFinal/Content/SpaceshipInterior/Meshes/SM_Scifi_Wall_Upperdoor.uasset" 506
"D:/anime pics/BuildingEscapeFinal/Content/SpaceshipInterior/Meshes/SM_Scifi_Wall_Trim_6m.uasset" 507
"D:/anime pics/BuildingEscapeFinal/Content/SpaceshipInterior/Meshes/SM_Scifi_Wall_05_Plate.uasset" 508
"D:/anime pics/BuildingEscapeFinal/Content/SpaceshipInterior/Meshes/SM_Scifi_Wall_04_Bend.uasset" 509
"D:/anime pics/BuildingEscapeFinal/Content/SpaceshipInterior/Meshes/SM_Scifi_Wall_04.uasset" 510
"D:/anime pics/BuildingEscapeFinal/Content/SpaceshipInterior/Meshes/SM_Scifi_Wall_02_Lowerbase_Base.uasset" 511
"D:/anime pics/BuildingEscapeFinal/Content/SpaceshipInterior/Meshes/SM_Scifi_Pipe_01_8m.uasset" 512
"D:/anime pics/BuildingEscapeFinal/Content/SpaceshipInterior/Meshes/SM_Scifi_Pillar_01_Topbeam.uasset" 513
"D:/anime pics/BuildingEscapeFinal/Content/SpaceshipInterior/Meshes/SM_Scifi_Pillar_01.uasset" 514
"D:/anime pics/BuildingEscapeFinal/Content/SpaceshipInterior/Textures/T_Scifi_Panel_02_BC.uasset" 515
"D:/anime pics/BuildingEscapeFinal/Content/SpaceshipInterior/Textures/scifi_panel2_A.uasset" 516
"D:/anime pics/BuildingEscapeFinal/Content/SpaceshipInterior/Textures/T_Scifi_Panel_02_AO.uasset" 517
"D:/anime pics/BuildingEscapeFinal/Content/SpaceshipInterior/Textures/scifi_panel2_AO.uasset" 518
"D:/anime pics/BuildingEscapeFinal/Content/SpaceshipInterior/Textures/T_Scifi_Panel_02_N.uasset" 519
"D:/anime pics/BuildingEscapeFinal/Content/SpaceshipInterior/Textures/scifi_panel2_N.uasset" 520
"D:/anime pics/BuildingEscapeFinal/Content/SpaceshipInterior/Textures/T_Scifi_Panel_02_R.uasset" 521
"D:/anime pics/BuildingEscapeFinal/Content/SpaceshipInterior/Textures/scifi_panel2_R.uasset" 522
"D:/anime pics/BuildingEscapeFinal/Content/SpaceshipInterior/Textures/T_Scifi_Panel_02_S.uasset" 523
"D:/anime pics/BuildingEscapeFinal/Content/SpaceshipInterior/Textures/scifi_panel2_S.uasset" 524
"D:/anime pics/BuildingEscapeFinal/Content/SpaceshipInterior/Materials/MI_Scifi_panel_02.uasset" 525
"D:/anime pics/BuildingEscapeFinal/Content/SpaceshipInterior/Meshes/SM_Scifi_Panel_02.uasset" 526
"D:/anime pics/BuildingEscapeFinal/Content/SpaceshipInterior/Meshes/SM_Scifi_Hangingrope.uasset" 527
"D:/anime pics/BuildingEscapeFinal/Content/SpaceshipInterior/Meshes/SM_Scifi_Floor_02_Half.uasset" 528
"D:/anime pics/BuildingEscapeFinal/Content/SpaceshipInterior/Meshes/SM_Scifi_Floor_02.uasset" 529
"D:/anime pics/BuildingEscapeFinal/Content/SpaceshipInterior/Meshes/SM_Scifi_Fence_02_Frame.uasset" 530
"D:/anime pics/BuildingEscapeFinal/Content/SpaceshipInterior/Textures/T_Scifi_Fence_BC.uasset" 531
"D:/anime pics/BuildingEscapeFinal/Content/SpaceshipInterior/Textures/scifi_fence_A.uasset" 532
"D:/anime pics/BuildingEscapeFinal/Content/SpaceshipInterior/Textures/T_Scifi_Fence_AO.uasset" 533
"D:/anime pics/BuildingEscapeFinal/Content/SpaceshipInterior/Textures/scifi_fence_AO.uasset" 534
"D:/anime pics/BuildingEscapeFinal/Content/SpaceshipInterior/Textures/T_Scifi_Fence_N.uasset" 535
"D:/anime pics/BuildingEscapeFinal/Content/SpaceshipInterior/Textures/scifi_fence_N.uasset" 536
"D:/anime pics/BuildingEscapeFinal/Content/SpaceshipInterior/Textures/T_Scifi_Fence_M.uasset" 537
"D:/anime pics/BuildingEscapeFinal/Content/SpaceshipInterior/Textures/scifi_fence_O.uasset" 538
"D:/anime pics/BuildingEscapeFinal/Content/SpaceshipInterior/Textures/T_Scifi_Fence_R.uasset" 539
"D:/anime pics/BuildingEscapeFinal/Content/SpaceshipInterior/Textures/scifi_fence_R.uasset" 540
"D:/anime pics/BuildingEscapeFinal/Content/SpaceshipInterior/Textures/T_Scifi_Fence_S.uasset" 541
"D:/anime pics/BuildingEscapeFinal/Content/SpaceshipInterior/Textures/scifi_fence_S.uasset" 542
"D:/anime pics/BuildingEscapeFinal/Content/SpaceshipInterior/Materials/MI_Scifi_Fence_01.uasset" 543
"D:/anime pics/BuildingEscapeFinal/Content/SpaceshipInterior/Meshes/SM_Scifi_Fence_02.uasset" 544
"D:/anime pics/BuildingEscapeFinal/Content/SpaceshipInterior/Meshes/SM_Scifi_Door_01.uasset" 545
"D:/anime pics/BuildingEscapeFinal/Content/SpaceshipInterior/Meshes/SM_Scifi_Fence_01.uasset" 546
"D:/anime pics/BuildingEscapeFinal/Content/SpaceshipInterior/Maps/Demonstration_BuiltData.uasset" 547
"D:/anime pics/BuildingEscapeFinal/Content/SpaceshipInterior/Maps/Demonstration.umap" 548
"D:/anime pics/BuildingEscapeFinal/Content/SpaceshipInterior/Meshes/SM_Scifi_Wall_05_Plate4m.uasset" 549
"D:/anime pics/BuildingEscapeFinal/Content/SpaceshipInterior/Meshes/SM_Scifi_Wall_05_OuterCorner_02.uasset" 550
"D:/anime pics/BuildingEscapeFinal/Content/SpaceshipInterior/Meshes/SM_Scifi_Wall_05_MainCorner_04.uasset" 551
"D:/anime pics/BuildingEscapeFinal/Content/SpaceshipInterior/Meshes/SM_Scifi_Wall_05_MainCorner_03.uasset" 552
"D:/anime pics/BuildingEscapeFinal/Content/SpaceshipInterior/Meshes/SM_Scifi_Wall_05_MainCorner_02.uasset" 553
"D:/anime pics/BuildingEscapeFinal/Content/SpaceshipInterior/Meshes/SM_Scifi_Wall_05_MainCorner_01.uasset" 554
"D:/anime pics/BuildingEscapeFinal/Content/SpaceshipInterior/Meshes/SM_Scifi_Wall_05_InnerCorner_02.uasset" 555
"D:/anime pics/BuildingEscapeFinal/Content/SpaceshipInterior/Meshes/SM_Scifi_Wall_05_InnerCorner_01.uasset" 556
"D:/anime pics/BuildingEscapeFinal/Content/SpaceshipInterior/Meshes/SM_Scifi_Wall_05_8m.uasset" 557
"D:/anime pics/BuildingEscapeFinal/Content/SpaceshipInterior/Meshes/SM_Scifi_Wall_03_OuterCorner.uasset" 558
"D:/anime pics/BuildingEscapeFinal/Content/SpaceshipInterior/Meshes/SM_Scifi_Wall_02_Lowerbase_OuterCorner_02.uasset" 559
"D:/anime pics/BuildingEscapeFinal/Content/SpaceshipInterior/Meshes/SM_Scifi_Wall_02_Lowerbase_OuterCorner_01.uasset" 560
"D:/anime pics/BuildingEscapeFinal/Content/SpaceshipInterior/Meshes/SM_Scifi_Wall_02_Lowerbase_InnerCorner_03.uasset" 561
"D:/anime pics/BuildingEscapeFinal/Content/SpaceshipInterior/Meshes/SM_Scifi_Wall_02_Lowerbase_InnerCorner_02.uasset" 562
"D:/anime pics/BuildingEscapeFinal/Content/SpaceshipInterior/Meshes/SM_Scifi_Wall_02_Lowerbase_InnerCorner_01.uasset" 563
"D:/anime pics/BuildingEscapeFinal/Content/SpaceshipInterior/Meshes/SM_Scifi_Wall_02_Lowerbase_8m.uasset" 564
"D:/anime pics/BuildingEscapeFinal/Content/SpaceshipInterior/Meshes/SM_Scifi_Wall_01_OuterCorner_02.uasset" 565
"D:/anime pics/BuildingEscapeFinal/Content/SpaceshipInterior/Meshes/SM_Scifi_Wall_01_OuterCorner_01.uasset" 566
"D:/anime pics/BuildingEscapeFinal/Content/SpaceshipInterior/Meshes/SM_Scifi_Wall_01_innerCorner_01.uasset" 567
"D:/anime pics/BuildingEscapeFinal/Content/SpaceshipInterior/Meshes/SM_Scifi_Wall_01_8m.uasset" 568
"D:/anime pics/BuildingEscapeFinal/Content/SpaceshipInterior/Meshes/SM_Scifi_Railing_CornerBend.uasset" 569
"D:/anime pics/BuildingEscapeFinal/Content/SpaceshipInterior/Meshes/SM_Scifi_Railing_Corner.uasset" 570
"D:/anime pics/BuildingEscapeFinal/Content/SpaceshipInterior/Meshes/SM_Scifi_Pipe_02_8m.uasset" 571
"D:/anime pics/BuildingEscapeFinal/Content/SpaceshipInterior/Meshes/SM_Scifi_Pillar_01_OuterCorner.uasset" 572
"D:/anime pics/BuildingEscapeFinal/Content/SpaceshipInterior/Meshes/SM_Scifi_Pillar_01_InnerCorner.uasset" 573
"D:/anime pics/BuildingEscapeFinal/Content/SpaceshipInterior/Meshes/SM_Scifi_Pillar_01_12m.uasset" 574
"D:/anime pics/BuildingEscapeFinal/Content/SpaceshipInterior/Meshes/SM_Scifi_Floor_04.uasset" 575
"D:/anime pics/BuildingEscapeFinal/Content/SpaceshipInterior/Meshes/SM_Scifi_Floor_03_4x2m.uasset" 576
"D:/anime pics/BuildingEscapeFinal/Content/SpaceshipInterior/Meshes/SM_Scifi_Floor_01_Platea.uasset" 577
"D:/anime pics/BuildingEscapeFinal/Content/SpaceshipInterior/Meshes/SM_Scifi_Door_01_Frame.uasset" 578
"D:/anime pics/BuildingEscapeFinal/Content/SpaceshipInterior/Meshes/SM_Scifi_Door_01_FloorSupport.uasset" 579
"D:/anime pics/BuildingEscapeFinal/Content/SpaceshipInterior/Meshes/SM_Scifi_Floor_02_8x4m.uasset" 580
"D:/anime pics/BuildingEscapeFinal/Content/SpaceshipInterior/Maps/Overview_BuiltData.uasset" 581
"D:/anime pics/BuildingEscapeFinal/Content/SpaceshipInterior/Meshes/SM_Scifi_Wall_05_Plate8m.uasset" 582
"D:/anime pics/BuildingEscapeFinal/Content/SpaceshipInterior/Meshes/SM_Scifi_Wall_Trim_4m.uasset" 583
"D:/anime pics/BuildingEscapeFinal/Content/SpaceshipInterior/Meshes/SM_Scifi_Wall_Trim_InnerCorner_01.uasset" 584
"D:/anime pics/BuildingEscapeFinal/Content/SpaceshipInterior/Meshes/SM_Scifi_Wall_Trim_InnerCorner_02.uasset" 585
"D:/anime pics/BuildingEscapeFinal/Content/SpaceshipInterior/Meshes/SM_Scifi_Wall_Trim_OuterCorner_01.uasset" 586
"D:/anime pics/BuildingEscapeFinal/Content/SpaceshipInterior/Meshes/SM_Scifi_Wall_Trim_OuterCorner_02.uasset" 587
"D:/anime pics/BuildingEscapeFinal/Content/SpaceshipInterior/Maps/Overview.umap" 588
"../../../Engine/Content/Maps/Entry_BuiltData.uasset" 589
"../../../Engine/Content/Maps/Entry.umap" 590
